Arguments: 
  /usr/bin/node /usr/bin/yarn install

PATH: 
  /home/huat/bin:/home/huat/.local/bin:/usr/local/sbin:/usr/local/bin:/usr/sbin:/usr/bin:/sbin:/bin:/usr/games:/usr/local/games:/snap/bin

Yarn version: 
  1.6.0

Node version: 
  8.9.4

Platform: 
  linux x64

Trace: 
  Error: https://registry.yarnpkg.com/is-buffer/-/is-buffer-1.1.6.tgz: ENOSPC: no space left on device, write

npm manifest: 
  {
    "name": "react-complete-guide",
    "version": "0.1.0",
    "private": true,
    "dependencies": {
      "react": "^16.0.0-rc.3",
      "react-dom": "^16.0.0-rc.3",
      "react-scripts": "1.0.13"
    },
    "scripts": {
      "start": "react-scripts start",
      "build": "react-scripts build",
      "test": "react-scripts test --env=jsdom",
      "eject": "react-scripts eject"
    }
  }

yarn manifest: 
  No manifest

Lockfile: 
  No lockfile
